Base path: C:/Program Files (x86)/Unity/Editor/Data
Pipe name: \\.\pipe\UnityShaderCompiler-3-3660
Cmd: getPlatforms
Cmd: compileSnippet
  api=9 type=1 insize=876 outsize=7 kw= ok=1
Cmd: compileSnippet
  api=9 type=1 insize=1788 outsize=7 kw= ok=1
Cmd: compileSnippet
  api=9 type=1 insize=2219 outsize=7 kw= ok=1
Cmd: compileSnippet
  api=9 type=0 insize=1852 outsize=10405 kw= ok=1
Cmd: compileSnippet
  api=9 type=1 insize=1097 outsize=7 kw= ok=1
Cmd: compileSnippet
  api=5 type=0 insize=924 outsize=693 kw= ok=1
Cmd: compileSnippet
  api=9 type=1 insize=924 outsize=7 kw= ok=1
Cmd: compileSnippet
  api=9 type=0 insize=1179 outsize=9010 kw= ok=1
Cmd: compileSnippet
  api=9 type=1 insize=2284 outsize=7 kw= ok=1
Cmd: compileSnippet
  api=9 type=1 insize=1260 outsize=7 kw= ok=1
Cmd: compileSnippet
  api=9 type=1 insize=1099 outsize=7 kw= ok=1
Cmd: compileSnippet
  api=9 type=0 insize=1051 outsize=1052 kw= ok=1
Cmd: compileSnippet
  api=9 type=1 insize=1051 outsize=7 kw= ok=1
Cmd: compileSnippet
  api=9 type=0 insize=1917 outsize=11293 kw= ok=1
Unhandled exception: Readfile from pipe failed. GLE=The pipe has been ended.


Quitting shader compiler process
